#
# A fatal error has been detected by the Java Runtime Environment:
#
#  EXCEPTION_ACCESS_VIOLATION (0xc0000005) at pc=0x77e6f44d, pid=3592, tid=3420
#
# JRE version: 7.0_25-b17
# Java VM: Java HotSpot(TM) Client VM (23.25-b01 mixed mode, sharing windows-x86 )
# Problematic frame:
# C  [ntdll.dll+0x4f44d]  RtlFreeHeap+0x3f
#
# Failed to write core dump. Minidumps are not enabled by default on client versions of Windows
#
# If you would like to submit a bug report, please visit:
#   http://bugreport.sun.com/bugreport/crash.jsp
# The crash happened outside the Java Virtual Machine in native code.
# See problematic frame for where to report the bug.
#

---------------  T H R E A D  ---------------

Current thread (0x0499c400):  JavaThread "Thread-2" [_thread_in_native, id=3420, stack(0x055c0000,0x05610000)]

siginfo: ExceptionCode=0xc0000005, reading address 0x8c00e1ff

Registers:
EAX=0x8c00e200, EBX=0x00000000, ECX=0x0560f258, EDX=0x8c00e200
ESP=0x0560f0d8, EBP=0x0560f0ec, ESI=0x8c00e1f8, EDI=0x00d60000
EIP=0x77e6f44d, EFLAGS=0x00010246

Top of Stack: (sp=0x0560f0d8)
0x0560f0d8:   00000010 0000000f 00000000 0560f258
0x0560f0e8:   0560f258 0560f100 7124016a 00d60000
0x0560f0f8:   00000000 8c00e200 0560f10c 709df764
0x0560f108:   8c00e200 0560f21c 709fb05f 049e04f8
0x0560f118:   049e04f8 01f2b32f 0560f290 00000000
0x0560f128:   0499c528 0560f258 049e04f8 0499c400
0x0560f138:   00aebef8 711489d4 0560f170 00000000
0x0560f148:   00000050 0000003c 00000000 00000000 

Instructions: (pc=0x77e6f44d)
0x77e6f42d:   00 00 00 01 0f 85 51 03 00 00 f6 47 48 01 0f 85
0x77e6f43d:   60 67 02 00 f6 c2 07 0f 85 46 67 02 00 8d 72 f8
0x77e6f44d:   80 7e 07 05 0f 84 18 67 02 00 f6 46 07 3f 0f 84
0x77e6f45d:   1c 67 02 00 85 f6 0f 84 55 68 02 00 8b 55 10 80 


Register to memory mapping:

EAX=0x8c00e200 is an unknown value
EBX=0x00000000 is an unknown value
ECX=0x0560f258 is pointing into the stack for thread: 0x0499c400
EDX=0x8c00e200 is an unknown value
ESP=0x0560f0d8 is pointing into the stack for thread: 0x0499c400
EBP=0x0560f0ec is pointing into the stack for thread: 0x0499c400
ESI=0x8c00e1f8 is an unknown value
EDI=0x00d60000 is an unknown value


Stack: [0x055c0000,0x05610000],  sp=0x0560f0d8,  free space=316k
Native frames: (J=compiled Java code, j=interpreted, Vv=VM code, C=native code)
C  [ntdll.dll+0x4f44d]  RtlFreeHeap+0x3f
C  [msvcr100.dll+0x1016a]  free+0x1c
C  [opencv_core245.dll+0xf764]  cvFree_+0x14
C  [opencv_core245.dll+0x2b05f]  cvReleaseMat+0x27f
C  [jniopencv_core.dll+0x2b8bf]  Java_com_googlecode_javacv_cpp_opencv_1core_cvReleaseMat+0x8f
j  com.googlecode.javacv.cpp.opencv_core.cvReleaseMat(Lcom/googlecode/javacv/cpp/opencv_core$CvMat;)V+0
j  SnapThread.run()V+628
v  ~StubRoutines::call_stub
V  [jvm.dll+0x124afa]
V  [jvm.dll+0x1d224e]
V  [jvm.dll+0x124caf]
V  [jvm.dll+0x124d17]
V  [jvm.dll+0xcf06f]
V  [jvm.dll+0x144447]
V  [jvm.dll+0x1445b0]
V  [jvm.dll+0x177bb9]
C  [msvcr100.dll+0x5c6de]  endthreadex+0x3a
C  [msvcr100.dll+0x5c788]  endthreadex+0xe4
C  [KERNEL32.DLL+0x28543]  BaseThreadInitThunk+0xe
C  [ntdll.dll+0x5ac69]  RtlInitializeExceptionChain+0x85
C  [ntdll.dll+0x5ac3c]  RtlInitializeExceptionChain+0x58

Java frames: (J=compiled Java code, j=interpreted, Vv=VM code)
j  com.googlecode.javacv.cpp.opencv_core.cvReleaseMat(Lcom/googlecode/javacv/cpp/opencv_core$CvMat;)V+0
j  SnapThread.run()V+628
v  ~StubRoutines::call_stub

---------------  P R O C E S S  ---------------

Java Threads: ( => current thread )
  0x00d6ac00 JavaThread "DestroyJavaVM" [_thread_blocked, id=3156, stack(0x00460000,0x004b0000)]
=>0x0499c400 JavaThread "Thread-2" [_thread_in_native, id=3420, stack(0x055c0000,0x05610000)]
  0x048cb800 JavaThread "AWT-EventQueue-0" [_thread_blocked, id=3888, stack(0x04dc0000,0x04e10000)]
  0x0484a000 JavaThread "AWT-Windows" daemon [_thread_in_native, id=4684, stack(0x04d30000,0x04d80000)]
  0x04849800 JavaThread "AWT-Shutdown" [_thread_blocked, id=3196, stack(0x04ca0000,0x04cf0000)]
  0x00b2e400 JavaThread "Java2D Disposer" daemon [_thread_blocked, id=4192, stack(0x04bc0000,0x04c10000)]
  0x00ae9c00 JavaThread "Service Thread" daemon [_thread_blocked, id=4084, stack(0x00f20000,0x00f70000)]
  0x00add400 JavaThread "C1 CompilerThread0" daemon [_thread_blocked, id=4788, stack(0x00e90000,0x00ee0000)]
  0x00adc000 JavaThread "Attach Listener" daemon [_thread_blocked, id=2280, stack(0x00e00000,0x00e50000)]
  0x00adb000 JavaThread "Signal Dispatcher" daemon [_thread_blocked, id=4248, stack(0x00d70000,0x00dc0000)]
  0x00ac5000 JavaThread "Finalizer" daemon [_thread_blocked, id=2272, stack(0x00cc0000,0x00d10000)]
  0x00ac3800 JavaThread "Reference Handler" daemon [_thread_blocked, id=4404, stack(0x00c30000,0x00c80000)]

Other Threads:
  0x00ac2000 VMThread [stack: 0x00be0000,0x00c30000] [id=3716]
  0x00af9800 WatcherThread [stack: 0x00fb0000,0x01000000] [id=3676]

VM state:not at safepoint (normal execution)

VM Mutex/Monitor currently owned by a thread: None

Heap
 def new generation   total 12032K, used 6403K [0x24d70000, 0x25a70000, 0x2a2c0000)
  eden space 10752K,  59% used [0x24d70000, 0x253b0e28, 0x257f0000)
  from space 1280K,   0% used [0x257f0000, 0x257f0000, 0x25930000)
  to   space 1280K,   0% used [0x25930000, 0x25930000, 0x25a70000)
 tenured generation   total 42016K, used 31388K [0x2a2c0000, 0x2cbc8000, 0x34d70000)
   the space 42016K,  74% used [0x2a2c0000, 0x2c167340, 0x2c167400, 0x2cbc8000)
 compacting perm gen  total 12288K, used 1786K [0x34d70000, 0x35970000, 0x38d70000)
   the space 12288K,  14% used [0x34d70000, 0x34f2ea48, 0x34f2ec00, 0x35970000)
    ro space 10240K,  42% used [0x38d70000, 0x391b4240, 0x391b4400, 0x39770000)
    rw space 12288K,  54% used [0x39770000, 0x39df4d58, 0x39df4e00, 0x3a370000)

Card table byte_map: [0x00930000,0x009e0000] byte_map_base: 0x00809480

Polling page: 0x00530000

Code Cache  [0x02440000, 0x02528000, 0x04440000)
 total_blobs=404 nmethods=174 adapters=165 free_code_cache=31859Kb largest_free_block=32624256

Compilation events (10 events):
Event: 2.741 Thread 0x00add400  169             java.nio.DirectByteBuffer::get (15 bytes)
Event: 2.742 Thread 0x00add400 nmethod 169 0x0251fe48 code [0x0251ff50, 0x0252005c]
Event: 2.742 Thread 0x00add400  170             java.nio.DirectByteBuffer::ix (10 bytes)
Event: 2.742 Thread 0x00add400 nmethod 170 0x02520148 code [0x02520240, 0x025202d0]
Event: 2.742 Thread 0x00add400    2 %           com.googlecode.javacv.cpp.opencv_core$IplImage::flipCopyWithGamma @ 484 (608 bytes)
Event: 2.744 Thread 0x00add400 nmethod 2% 0x02520308 code [0x025206f0, 0x025216a4]
Event: 2.753 Thread 0x00add400  171             sun.java2d.loops.GraphicsPrimitiveMgr::locate (104 bytes)
Event: 2.754 Thread 0x00add400 nmethod 171 0x02522748 code [0x025228b0, 0x02522bf0]
Event: 2.754 Thread 0x00add400  172             java.util.Arrays::binarySearch (10 bytes)
Event: 2.754 Thread 0x00add400 nmethod 172 0x02522f48 code [0x02523040, 0x025230dc]

GC Heap History (6 events):
Event: 0.071 GC heap before
{Heap before GC invocations=0 (full 0):
 def new generation   total 4928K, used 820K [0x24d70000, 0x252c0000, 0x2a2c0000)
  eden space 4416K,  18% used [0x24d70000, 0x24e3d020, 0x251c0000)
  from space 512K,   0% used [0x251c0000, 0x251c0000, 0x25240000)
  to   space 512K,   0% used [0x25240000, 0x25240000, 0x252c0000)
 tenured generation   total 10944K, used 0K [0x2a2c0000, 0x2ad70000, 0x34d70000)
   the space 10944K,   0% used [0x2a2c0000, 0x2a2c0000, 0x2a2c0200, 0x2ad70000)
 compacting perm gen  total 12288K, used 624K [0x34d70000, 0x35970000, 0x38d70000)
   the space 12288K,   5% used [0x34d70000, 0x34e0c288, 0x34e0c400, 0x35970000)
    ro space 10240K,  42% used [0x38d70000, 0x391b4240, 0x391b4400, 0x39770000)
    rw space 12288K,  54% used [0x39770000, 0x39df4d58, 0x39df4e00, 0x3a370000)
Event: 0.079 GC heap after
Heap after GC invocations=1 (full 1):
 def new generation   total 4992K, used 0K [0x24d70000, 0x252d0000, 0x2a2c0000)
  eden space 4480K,   0% used [0x24d70000, 0x24d70000, 0x251d0000)
  from space 512K,   0% used [0x251d0000, 0x251d0000, 0x25250000)
  to   space 512K,   0% used [0x25250000, 0x25250000, 0x252d0000)
 tenured generation   total 10944K, used 322K [0x2a2c0000, 0x2ad70000, 0x34d70000)
   the space 10944K,   2% used [0x2a2c0000, 0x2a310908, 0x2a310a00, 0x2ad70000)
 compacting perm gen  total 12288K, used 624K [0x34d70000, 0x35970000, 0x38d70000)
   the space 12288K,   5% used [0x34d70000, 0x34e0c288, 0x34e0c400, 0x35970000)
    ro space 10240K,  42% used [0x38d70000, 0x391b4240, 0x391b4400, 0x39770000)
    rw space 12288K,  54% used [0x39770000, 0x39df4d58, 0x39df4e00, 0x3a370000)
}
Event: 0.442 GC heap before
{Heap before GC invocations=1 (full 1):
 def new generation   total 4992K, used 4475K [0x24d70000, 0x252d0000, 0x2a2c0000)
  eden space 4480K,  99% used [0x24d70000, 0x251ced30, 0x251d0000)
  from space 512K,   0% used [0x251d0000, 0x251d0000, 0x25250000)
  to   space 512K,   0% used [0x25250000, 0x25250000, 0x252d0000)
 tenured generation   total 26400K, used 15775K [0x2a2c0000, 0x2bc88000, 0x34d70000)
   the space 26400K,  59% used [0x2a2c0000, 0x2b227d98, 0x2b227e00, 0x2bc88000)
 compacting perm gen  total 12288K, used 636K [0x34d70000, 0x35970000, 0x38d70000)
   the space 12288K,   5% used [0x34d70000, 0x34e0f128, 0x34e0f200, 0x35970000)
    ro space 10240K,  42% used [0x38d70000, 0x391b4240, 0x391b4400, 0x39770000)
    rw space 12288K,  54% used [0x39770000, 0x39df4d58, 0x39df4e00, 0x3a370000)
Event: 0.443 GC heap after
Heap after GC invocations=2 (full 1):
 def new generation   total 4992K, used 24K [0x24d70000, 0x252d0000, 0x2a2c0000)
  eden space 4480K,   0% used [0x24d70000, 0x24d70000, 0x251d0000)
  from space 512K,   4% used [0x25250000, 0x252563c8, 0x252d0000)
  to   space 512K,   0% used [0x251d0000, 0x251d0000, 0x25250000)
 tenured generation   total 26400K, used 15775K [0x2a2c0000, 0x2bc88000, 0x34d70000)
   the space 26400K,  59% used [0x2a2c0000, 0x2b227d98, 0x2b227e00, 0x2bc88000)
 compacting perm gen  total 12288K, used 636K [0x34d70000, 0x35970000, 0x38d70000)
   the space 12288K,   5% used [0x34d70000, 0x34e0f128, 0x34e0f200, 0x35970000)
    ro space 10240K,  42% used [0x38d70000, 0x391b4240, 0x391b4400, 0x39770000)
    rw space 12288K,  54% used [0x39770000, 0x39df4d58, 0x39df4e00, 0x3a370000)
}
Event: 0.530 GC heap before
{Heap before GC invocations=2 (full 1):
 def new generation   total 4992K, used 3999K [0x24d70000, 0x252d0000, 0x2a2c0000)
  eden space 4480K,  88% used [0x24d70000, 0x251518b0, 0x251d0000)
  from space 512K,   4% used [0x25250000, 0x252563c8, 0x252d0000)
  to   space 512K,   0% used [0x251d0000, 0x251d0000, 0x25250000)
 tenured generation   total 26400K, used 15775K [0x2a2c0000, 0x2bc88000, 0x34d70000)
   the space 26400K,  59% used [0x2a2c0000, 0x2b227d98, 0x2b227e00, 0x2bc88000)
 compacting perm gen  total 12288K, used 842K [0x34d70000, 0x35970000, 0x38d70000)
   the space 12288K,   6% used [0x34d70000, 0x34e429d8, 0x34e42a00, 0x35970000)
    ro space 10240K,  42% used [0x38d70000, 0x391b4240, 0x391b4400, 0x39770000)
    rw space 12288K,  54% used [0x39770000, 0x39df4d58, 0x39df4e00, 0x3a370000)
Event: 0.538 GC heap after
Heap after GC invocations=3 (full 2):
 def new generation   total 12032K, used 0K [0x24d70000, 0x25a70000, 0x2a2c0000)
  eden space 10752K,   0% used [0x24d70000, 0x24d70000, 0x257f0000)
  from space 1280K,   0% used [0x257f0000, 0x257f0000, 0x25930000)
  to   space 1280K,   0% used [0x25930000, 0x25930000, 0x25a70000)
 tenured generation   total 26560K, used 15935K [0x2a2c0000, 0x2bcb0000, 0x34d70000)
   the space 26560K,  59% used [0x2a2c0000, 0x2b24feb0, 0x2b250000, 0x2bcb0000)
 compacting perm gen  total 12288K, used 842K [0x34d70000, 0x35970000, 0x38d70000)
   the space 12288K,   6% used [0x34d70000, 0x34e429d8, 0x34e42a00, 0x35970000)
    ro space 10240K,  42% used [0x38d70000, 0x391b4240, 0x391b4400, 0x39770000)
    rw space 12288K,  54% used [0x39770000, 0x39df4d58, 0x39df4e00, 0x3a370000)
}

Deoptimization events (0 events):
No events

Internal exceptions (10 events):
Event: 0.907 Thread 0x0499c400 Threw 0x2522a418 at C:\jdk7u2_32P\jdk7u25\hotspot\src\share\vm\prims\jvm.cpp:1235
Event: 2.053 Thread 0x0499c400 Threw 0x25258850 at C:\jdk7u2_32P\jdk7u25\hotspot\src\share\vm\prims\jvm.cpp:1235
Event: 2.053 Thread 0x0499c400 Threw 0x252685d8 at C:\jdk7u2_32P\jdk7u25\hotspot\src\share\vm\prims\jvm.cpp:1235
Event: 2.053 Thread 0x0499c400 Threw 0x2526cc58 at C:\jdk7u2_32P\jdk7u25\hotspot\src\share\vm\prims\jvm.cpp:1235
Event: 2.701 Thread 0x0499c400 Threw 0x25288d60 at C:\jdk7u2_32P\jdk7u25\hotspot\src\share\vm\prims\jvm.cpp:1235
Event: 2.707 Thread 0x0499c400 Threw 0x252941b8 at C:\jdk7u2_32P\jdk7u25\hotspot\src\share\vm\prims\jvm.cpp:1235
Event: 2.709 Thread 0x0499c400 Threw 0x25299310 at C:\jdk7u2_32P\jdk7u25\hotspot\src\share\vm\prims\jvm.cpp:1235
Event: 2.709 Thread 0x0499c400 Threw 0x2529d560 at C:\jdk7u2_32P\jdk7u25\hotspot\src\share\vm\prims\jvm.cpp:1235
Event: 2.736 Thread 0x0499c400 Threw 0x252a5210 at C:\jdk7u2_32P\jdk7u25\hotspot\src\share\vm\prims\jvm.cpp:1235
Event: 2.737 Thread 0x0499c400 Threw 0x252aa2a0 at C:\jdk7u2_32P\jdk7u25\hotspot\src\share\vm\prims\jvm.cpp:1235

Events (10 events):
Event: 2.706 loading class 0x048a2ff0
Event: 2.707 loading class 0x048a2ff0 done
Event: 2.709 loading class 0x04976598
Event: 2.709 loading class 0x04976598 done
Event: 2.709 loading class 0x04976550
Event: 2.709 loading class 0x04976550 done
Event: 2.736 loading class 0x00b0d6e8
Event: 2.736 loading class 0x00b0d6e8 done
Event: 2.737 loading class 0x049a0c98
Event: 2.737 loading class 0x049a0c98 done


Dynamic libraries:
0x01010000 - 0x0103f000 	C:\Program Files (x86)\Java\jre7\bin\javaw.exe
0x77e20000 - 0x77f77000 	C:\Windows\SYSTEM32\ntdll.dll
0x75f70000 - 0x760a0000 	C:\Windows\SYSTEM32\KERNEL32.DLL
0x75d50000 - 0x75df6000 	C:\Windows\SYSTEM32\KERNELBASE.dll
0x77cb0000 - 0x77d5e000 	C:\Windows\SYSTEM32\ADVAPI32.dll
0x75990000 - 0x75aa6000 	C:\Windows\SYSTEM32\USER32.dll
0x71530000 - 0x71727000 	C:\Windows\WinSxS\x86_microsoft.windows.common-controls_6595b64144ccf1df_6.0.9200.16384_none_893961408605e985\COMCTL32.dll
0x75c90000 - 0x75d41000 	C:\Windows\SYSTEM32\msvcrt.dll
0x77560000 - 0x77594000 	C:\Windows\SYSTEM32\sechost.dll
0x75e00000 - 0x75eac000 	C:\Windows\SYSTEM32\RPCRT4.dll
0x778b0000 - 0x779ad000 	C:\Windows\SYSTEM32\GDI32.dll
0x754c0000 - 0x754dc000 	C:\Windows\SYSTEM32\SspiCli.dll
0x754b0000 - 0x754b9000 	C:\Windows\SYSTEM32\CRYPTBASE.dll
0x75450000 - 0x754a1000 	C:\Windows\SYSTEM32\bcryptPrimitives.dll
0x75c50000 - 0x75c70000 	C:\Windows\system32\IMM32.DLL
0x76270000 - 0x7634c000 	C:\Windows\SYSTEM32\MSCTF.dll
0x75340000 - 0x75375000 	C:\Windows\SYSTEM32\nvinit.dll
0x71230000 - 0x712ee000 	C:\Program Files (x86)\Java\jre7\bin\msvcr100.dll
0x70ee0000 - 0x71222000 	C:\Program Files (x86)\Java\jre7\bin\client\jvm.dll
0x6a440000 - 0x6a448000 	C:\Windows\SYSTEM32\WSOCK32.dll
0x73900000 - 0x73921000 	C:\Windows\SYSTEM32\WINMM.dll
0x756a0000 - 0x756a6000 	C:\Windows\SYSTEM32\PSAPI.DLL
0x75650000 - 0x756a0000 	C:\Windows\SYSTEM32\WS2_32.dll
0x71ae0000 - 0x71b0a000 	C:\Windows\SYSTEM32\WINMMBASE.dll
0x775a0000 - 0x775a8000 	C:\Windows\SYSTEM32\NSI.dll
0x70ed0000 - 0x70edc000 	C:\Program Files (x86)\Java\jre7\bin\verify.dll
0x70eb0000 - 0x70ed0000 	C:\Program Files (x86)\Java\jre7\bin\java.dll
0x70e90000 - 0x70ea3000 	C:\Program Files (x86)\Java\jre7\bin\zip.dll
0x70d40000 - 0x70e84000 	C:\Program Files (x86)\Java\jre7\bin\awt.dll
0x77c20000 - 0x77cab000 	C:\Windows\SYSTEM32\OLEAUT32.dll
0x77420000 - 0x77556000 	C:\Windows\SYSTEM32\combase.dll
0x71e00000 - 0x71ea7000 	C:\Windows\system32\apphelp.dll
0x71b90000 - 0x71ba9000 	C:\Windows\system32\DWMAPI.DLL
0x71eb0000 - 0x71f38000 	C:\Windows\system32\uxtheme.dll
0x10000000 - 0x10006000 	C:\Windows\debug\WIA\HTV\HTV.007
0x00a00000 - 0x00a06000 	C:\Windows\debug\WIA\HTV\HTV.006
0x76130000 - 0x76249000 	C:\Windows\SYSTEM32\ole32.dll
0x70d00000 - 0x70d31000 	C:\Program Files (x86)\Java\jre7\bin\fontmanager.dll
0x70c80000 - 0x70cfc000 	C:\Windows\SYSTEM32\mscms.dll
0x73930000 - 0x7394b000 	C:\Windows\SYSTEM32\USERENV.dll
0x74c50000 - 0x74c61000 	C:\Windows\SYSTEM32\profapi.dll
0x70c40000 - 0x70c7b000 	C:\Windows\SYSTEM32\icm32.dll
0x76350000 - 0x77415000 	C:\Windows\SYSTEM32\SHELL32.dll
0x75f30000 - 0x75f70000 	C:\Windows\SYSTEM32\SHLWAPI.dll
0x74c70000 - 0x74ce5000 	C:\Windows\SYSTEM32\SHCORE.dll
0x00ba0000 - 0x00ba8000 	C:\Program Files (x86)\Internet Download Manager\idmmkb.dll
0x70bd0000 - 0x70c39000 	C:\Windows\System32\msvcp100.dll
0x709d0000 - 0x70bcf000 	C:\opencv\build\x86\vc10\bin\opencv_core245.dll
0x70950000 - 0x709c4000 	C:\Users\Divyesh\AppData\Local\Temp\javacpp7670464196810\jniopencv_core.dll
0x706e0000 - 0x70941000 	C:\opencv\build\x86\vc10\bin\opencv_imgproc245.dll
0x706a0000 - 0x706d9000 	C:\Users\Divyesh\AppData\Local\Temp\javacpp7670464196810\jniopencv_imgproc.dll
0x05610000 - 0x063a9000 	C:\opencv\build\x86\vc10\bin\opencv_ffmpeg245.dll
0x70490000 - 0x7069a000 	C:\opencv\build\x86\vc10\bin\opencv_highgui245.dll
0x70470000 - 0x70488000 	C:\Windows\SYSTEM32\AVIFIL32.dll
0x70440000 - 0x70461000 	C:\Windows\SYSTEM32\MSVFW32.dll
0x70420000 - 0x70434000 	C:\Windows\SYSTEM32\AVICAP32.dll
0x738c0000 - 0x738d4000 	C:\Windows\SYSTEM32\MSACM32.dll
0x736c0000 - 0x736c8000 	C:\Windows\SYSTEM32\VERSION.dll
0x70410000 - 0x7041f000 	C:\Users\Divyesh\AppData\Local\Temp\javacpp7670464196810\jniopencv_highgui.dll
0x75eb0000 - 0x75f24000 	C:\Windows\SYSTEM32\clbcatq.dll
0x703f0000 - 0x70403000 	C:\Windows\SYSTEM32\devenum.dll
0x779b0000 - 0x77b5f000 	C:\Windows\SYSTEM32\setupapi.dll
0x75540000 - 0x75586000 	C:\Windows\SYSTEM32\CFGMGR32.dll
0x76250000 - 0x7626e000 	C:\Windows\SYSTEM32\DEVOBJ.dll
0x71420000 - 0x71446000 	C:\Windows\SYSTEM32\ntmarta.dll
0x75590000 - 0x755d3000 	C:\Windows\SYSTEM32\WINTRUST.dll
0x775b0000 - 0x77738000 	C:\Windows\SYSTEM32\CRYPT32.dll
0x77bf0000 - 0x77c02000 	C:\Windows\SYSTEM32\MSASN1.dll
0x703e0000 - 0x703eb000 	C:\Windows\SYSTEM32\msdmo.dll
0x703b0000 - 0x703e0000 	C:\Windows\SYSTEM32\qcap.dll
0x70220000 - 0x703a2000 	C:\Windows\SYSTEM32\quartz.dll
0x701e0000 - 0x70212000 	C:\Windows\SYSTEM32\ksproxy.ax
0x701d0000 - 0x701d5000 	C:\Windows\SYSTEM32\ksuser.dll
0x70010000 - 0x701c5000 	C:\Windows\SYSTEM32\d3d9.dll
0x70000000 - 0x7000a000 	C:\Windows\SYSTEM32\vidcap.ax
0x6ffe0000 - 0x6fffd000 	C:\Windows\SYSTEM32\kswdmcap.ax
0x6fec0000 - 0x6ffd9000 	C:\Windows\SYSTEM32\MFC42.dll
0x6fe10000 - 0x6feb1000 	C:\Windows\SYSTEM32\ODBC32.dll
0x6fd90000 - 0x6fe0d000 	C:\Windows\SYSTEM32\qedit.dll
0x77b60000 - 0x77be9000 	C:\Windows\SYSTEM32\COMDLG32.dll
0x77740000 - 0x778a3000 	C:\Windows\WinSxS\x86_microsoft.windows.gdiplus_6595b64144ccf1df_1.1.9200.16384_none_ba245425e0986353\gdiplus.dll
0x6fcb0000 - 0x6fd89000 	C:\Windows\SYSTEM32\DDRAW.dll
0x6fca0000 - 0x6fca7000 	C:\Windows\SYSTEM32\DCIMAN32.dll
0x6fbc0000 - 0x6fc91000 	C:\Windows\SYSTEM32\nvumdshim.dll
0x6f120000 - 0x6fbbd000 	C:\Windows\system32\igdumd32.dll
0x6f040000 - 0x6f116000 	C:\Windows\SYSTEM32\D3DIM700.DLL
0x6f030000 - 0x6f03a000 	C:\Windows\SYSTEM32\msyuv.dll
0x71f40000 - 0x72069000 	C:\Windows\SYSTEM32\dbghelp.dll

VM Arguments:
jvm_args: -Dfile.encoding=Cp1252 
java_command: SnapStart
Launcher Type: SUN_STANDARD

Environment Variables:
CLASSPATH=.;C:\Program Files (x86)\Java\jdk1.7.0_25\lib;F:\$$Studies\java_workspace\experiments\src;F:\$$Studies\java_workspace\MotionSnap\src;F:\$$Studies\java_workspace\experiments\src;F:\$$Studies\java_workspace\cliser
PATH=C:\Program Files (x86)\PC Connectivity Solution\;C:\Program Files (x86)\NVIDIA Corporation\PhysX\Common;C:\Windows\system32;C:\Windows;C:\Windows\System32\Wbem;C:\Windows\System32\WindowsPowerShell\v1.0\;C:\Program Files (x86)\Java\jdk1.7.0_25\bin;C:\Program Files (x86)\Common Files\Adobe\AGL;C:\Program Files (x86)\MySQL\MySQL Utilities 1.3.4\;C:\Users\Divyesh\AppData\Local\Smartbar\Application\;C:\Program Files (x86)\Java\jdk1.7.0_25\bin;C:\opencv\build\x86\vc11\bin;C:\TC\BIN
USERNAME=Divyesh
OS=Windows_NT
PROCESSOR_IDENTIFIER=Intel64 Family 6 Model 42 Stepping 7, GenuineIntel



---------------  S Y S T E M  ---------------

OS: Windows 8 , 64 bit Build 9200 

CPU:total 8 (4 cores per cpu, 2 threads per core) family 6 model 42 stepping 7, cmov, cx8, fxsr, mmx, sse, sse2, sse3, ssse3, sse4.1, sse4.2, popcnt, avx, ht, tsc, tscinvbit

Memory: 4k page, physical 6203532k(3828488k free), swap 9414976k(6996868k free)

vm_info: Java HotSpot(TM) Client VM (23.25-b01) for windows-x86 JRE (1.7.0_25-b17), built on Jun 21 2013 13:06:48 by "java_re" with unknown MS VC++:1600

time: Wed Nov 13 23:48:53 2013
elapsed time: 2 seconds

